c:\users\marko\source\repos\acs_lab2_tykhonovskyi_k23_1\acs_lab2_tykhonovskyi_k23_1\build\main.dir\debug\vc143.pdb
c:\users\marko\source\repos\acs_lab2_tykhonovskyi_k23_1\acs_lab2_tykhonovskyi_k23_1\build\main.dir\debug\processor.obj
c:\users\marko\source\repos\acs_lab2_tykhonovskyi_k23_1\acs_lab2_tykhonovskyi_k23_1\build\main.dir\debug\memory.obj
c:\users\marko\source\repos\acs_lab2_tykhonovskyi_k23_1\acs_lab2_tykhonovskyi_k23_1\build\main.dir\debug\hextranslator.obj
c:\users\marko\source\repos\acs_lab2_tykhonovskyi_k23_1\acs_lab2_tykhonovskyi_k23_1\build\main.dir\debug\fileparser.obj
c:\users\marko\source\repos\acs_lab2_tykhonovskyi_k23_1\acs_lab2_tykhonovskyi_k23_1\build\main.dir\debug\bintranslator.obj
c:\users\marko\source\repos\acs_lab2_tykhonovskyi_k23_1\acs_lab2_tykhonovskyi_k23_1\build\main.dir\debug\main.obj
c:\users\marko\source\repos\acs_lab2_tykhonovskyi_k23_1\acs_lab2_tykhonovskyi_k23_1\build\cmakefiles\generate.stamp
c:\users\marko\source\repos\acs_lab2_tykhonovskyi_k23_1\acs_lab2_tykhonovskyi_k23_1\build\main.dir\debug\main.ilk
c:\users\marko\source\repos\acs_lab2_tykhonovskyi_k23_1\acs_lab2_tykhonovskyi_k23_1\build\debug\main.exe
c:\users\marko\source\repos\acs_lab2_tykhonovskyi_k23_1\acs_lab2_tykhonovskyi_k23_1\build\debug\main.pdb
c:\users\marko\source\repos\acs_lab2_tykhonovskyi_k23_1\acs_lab2_tykhonovskyi_k23_1\build\main.dir\debug\main.tlog\cl.command.1.tlog
c:\users\marko\source\repos\acs_lab2_tykhonovskyi_k23_1\acs_lab2_tykhonovskyi_k23_1\build\main.dir\debug\main.tlog\cl.read.1.tlog
c:\users\marko\source\repos\acs_lab2_tykhonovskyi_k23_1\acs_lab2_tykhonovskyi_k23_1\build\main.dir\debug\main.tlog\cl.write.1.tlog
c:\users\marko\source\repos\acs_lab2_tykhonovskyi_k23_1\acs_lab2_tykhonovskyi_k23_1\build\main.dir\debug\main.tlog\custombuild.command.1.tlog
c:\users\marko\source\repos\acs_lab2_tykhonovskyi_k23_1\acs_lab2_tykhonovskyi_k23_1\build\main.dir\debug\main.tlog\custombuild.read.1.tlog
c:\users\marko\source\repos\acs_lab2_tykhonovskyi_k23_1\acs_lab2_tykhonovskyi_k23_1\build\main.dir\debug\main.tlog\custombuild.write.1.tlog
c:\users\marko\source\repos\acs_lab2_tykhonovskyi_k23_1\acs_lab2_tykhonovskyi_k23_1\build\main.dir\debug\main.tlog\link.command.1.tlog
c:\users\marko\source\repos\acs_lab2_tykhonovskyi_k23_1\acs_lab2_tykhonovskyi_k23_1\build\main.dir\debug\main.tlog\link.read.1.tlog
c:\users\marko\source\repos\acs_lab2_tykhonovskyi_k23_1\acs_lab2_tykhonovskyi_k23_1\build\main.dir\debug\main.tlog\link.write.1.tlog
